Build started 2014-02-08 11:07:45 PM.
     1>Project "C:\Users\david_000\Documents\Visual Studio 2013\Projects\App2\App2\App2.vcxproj" on node 2 (Build target(s)).
     1>C:\Program Files (x86)\MSBuild\Microsoft.Cpp\v4.0\V120\Microsoft.CppBuild.targets(381,5): warning MSB8028: The intermediate directory (Debug\) contains files shared from another project (App2.vcxproj).  This can lead to incorrect clean and rebuild behavior.
     1>ClCompile:
         C:\Program Files (x86)\Microsoft Visual Studio 12.0\VC\bin\CL.exe /c /I"C:\Users\david_000\Documents\Visual Studio 2013\Projects\App2\App2\\" /I"Generated Files\\" /IDebug\ /ZI /ZW /ZW:nostdlib /nologo /W3 /WX- /sdl /MP /Od /Oy- /D _UNICODE /D UNICODE /D _DEBUG /D WINAPI_FAMILY=WINAPI_FAMILY_APP /Gm- /EHsc /RTC1 /MDd /GS /fp:precise /Zc:wchar_t /Zc:forScope /Yu"pch.h" /Fp"Debug\Queue-WindowsStore.pch" /Fo"Debug\\" /Fd"Debug\vc120.pdb" /Gd /TP /wd4453 /wd28204 /FU"C:\Program Files (x86)\Microsoft SDKs\Windows\v8.1\ExtensionSDKs\Microsoft.VCLibs\12.0\References\CommonConfiguration\neutral\platform.winmd" /FU"C:\Program Files (x86)\Windows Kits\8.1\References\CommonConfiguration\Neutral\Windows.winmd" /FU"C:\Program Files (x86)\Windows Kits\8.1\References\CommonConfiguration\Neutral\Windows.winmd" /analyze- /errorReport:prompt /bigobj DataModel\ShopData.cpp
         ShopData.cpp
       CreateWinMD:
         C:\Program Files (x86)\Microsoft Visual Studio 12.0\VC\bin\link.exe /ERRORREPORT:PROMPT /OUT:"C:\Users\david_000\Documents\Visual Studio 2013\Projects\App2\Debug\App2\Queue-WindowsStore.exe" /INCREMENTAL /NOLOGO kernel32.lib /MANIFEST:NO /DEBUG /PDB:"C:\Users\david_000\Documents\Visual Studio 2013\Projects\App2\Debug\App2\Queue-WindowsStore.pdb" /SUBSYSTEM:WINDOWS /TLBID:1 /APPCONTAINER /WINMD:ONLY /WINMDFILE:"C:\Users\david_000\Documents\Visual Studio 2013\Projects\App2\Debug\App2\App2.winmd" /DYNAMICBASE /NXCOMPAT /MACHINE:X86 Debug\App.xaml.obj
         Debug\NavigationHelper.obj
         Debug\RelayCommand.obj
         Debug\SuspensionManager.obj
         Debug\GroupedItemsPage.xaml.obj
         Debug\GroupDetailPage.xaml.obj
         Debug\ItemDetailPage.xaml.obj
         Debug\ShopData.obj
         Debug\pch.obj
         Debug\XamlTypeInfo.Impl.g.obj
       Link:
         C:\Program Files (x86)\Microsoft Visual Studio 12.0\VC\bin\link.exe /ERRORREPORT:PROMPT /OUT:"C:\Users\david_000\Documents\Visual Studio 2013\Projects\App2\Debug\App2\Queue-WindowsStore.exe" /INCREMENTAL /NOLOGO kernel32.lib /MANIFEST:NO /DEBUG /PDB:"C:\Users\david_000\Documents\Visual Studio 2013\Projects\App2\Debug\App2\Queue-WindowsStore.pdb" /SUBSYSTEM:WINDOWS /TLBID:1 /APPCONTAINER /WINMD:NO /WINMDFILE:"C:\Users\david_000\Documents\Visual Studio 2013\Projects\App2\Debug\App2\App2.winmd" /DYNAMICBASE /NXCOMPAT /MACHINE:X86 Debug\App.xaml.obj
         Debug\NavigationHelper.obj
         Debug\RelayCommand.obj
         Debug\SuspensionManager.obj
         Debug\GroupedItemsPage.xaml.obj
         Debug\GroupDetailPage.xaml.obj
         Debug\ItemDetailPage.xaml.obj
         Debug\ShopData.obj
         Debug\pch.obj
         Debug\XamlTypeInfo.Impl.g.obj
         Debug\XamlTypeInfo.g.obj
         App2.vcxproj -> C:\Users\david_000\Documents\Visual Studio 2013\Projects\App2\Debug\App2\Queue-WindowsStore.exe
     1>Done Building Project "C:\Users\david_000\Documents\Visual Studio 2013\Projects\App2\App2\App2.vcxproj" (Build target(s)).

Build succeeded.

Time Elapsed 00:00:05.45
