c:\users\david_000\documents\visual studio 2013\projects\app2\app2\debug\queue-windowsstore.pch
c:\users\david_000\documents\visual studio 2013\projects\app2\app2\debug\vc120.pdb
c:\users\david_000\documents\visual studio 2013\projects\app2\app2\debug\vc120.idb
c:\users\david_000\documents\visual studio 2013\projects\app2\app2\debug\pch.obj
c:\users\david_000\documents\visual studio 2013\projects\app2\app2\debug\itemdetailpage.xaml.obj
c:\users\david_000\documents\visual studio 2013\projects\app2\app2\debug\app.xaml.obj
c:\users\david_000\documents\visual studio 2013\projects\app2\app2\debug\suspensionmanager.obj
c:\users\david_000\documents\visual studio 2013\projects\app2\app2\debug\groupdetailpage.xaml.obj
c:\users\david_000\documents\visual studio 2013\projects\app2\app2\debug\relaycommand.obj
c:\users\david_000\documents\visual studio 2013\projects\app2\app2\debug\xamltypeinfo.impl.g.obj
c:\users\david_000\documents\visual studio 2013\projects\app2\app2\debug\navigationhelper.obj
c:\users\david_000\documents\visual studio 2013\projects\app2\app2\debug\groupeditemspage.xaml.obj
c:\users\david_000\documents\visual studio 2013\projects\app2\app2\debug\shopdata.obj
c:\users\david_000\documents\visual studio 2013\projects\app2\app2\debug\xamltypeinfo.g.obj
c:\users\david_000\documents\visual studio 2013\projects\app2\debug\app2\app2.winmd
c:\users\david_000\documents\visual studio 2013\projects\app2\app2\debug\queue-wi.9430b3e6.tlog\app2.winmd.lastbuild
c:\users\david_000\documents\visual studio 2013\projects\app2\debug\app2\queue-windowsstore.ilk
c:\users\david_000\documents\visual studio 2013\projects\app2\debug\app2\queue-windowsstore.exe
c:\users\david_000\documents\visual studio 2013\projects\app2\debug\app2\queue-windowsstore.pdb
c:\users\david_000\documents\visual studio 2013\projects\app2\debug\app2\queue-windowsstore.lib
c:\users\david_000\documents\visual studio 2013\projects\app2\debug\app2\queue-windowsstore.exp
c:\users\david_000\documents\visual studio 2013\projects\app2\app2\generated files\app.g.h
c:\users\david_000\documents\visual studio 2013\projects\app2\app2\generated files\groupeditemspage.g.h
c:\users\david_000\documents\visual studio 2013\projects\app2\app2\generated files\groupdetailpage.g.h
c:\users\david_000\documents\visual studio 2013\projects\app2\app2\generated files\itemdetailpage.g.h
c:\users\david_000\documents\visual studio 2013\projects\app2\app2\generated files\xamllibmetadataprovider.g.cpp
c:\users\david_000\documents\visual studio 2013\projects\app2\app2\generated files\xamltypeinfo.impl.g.cpp
c:\users\david_000\documents\visual studio 2013\projects\app2\app2\debug\xamlsavestatefile.xml
c:\users\david_000\documents\visual studio 2013\projects\app2\app2\generated files\app.g.hpp
c:\users\david_000\documents\visual studio 2013\projects\app2\app2\generated files\groupeditemspage.g.hpp
c:\users\david_000\documents\visual studio 2013\projects\app2\app2\generated files\groupdetailpage.g.hpp
c:\users\david_000\documents\visual studio 2013\projects\app2\app2\generated files\itemdetailpage.g.hpp
c:\users\david_000\documents\visual studio 2013\projects\app2\app2\generated files\xamltypeinfo.g.cpp
c:\users\david_000\documents\visual studio 2013\projects\app2\app2\generated files\app.xaml
c:\users\david_000\documents\visual studio 2013\projects\app2\app2\generated files\groupeditemspage.xaml
c:\users\david_000\documents\visual studio 2013\projects\app2\app2\generated files\groupdetailpage.xaml
c:\users\david_000\documents\visual studio 2013\projects\app2\app2\generated files\itemdetailpage.xaml
c:\users\david_000\documents\visual studio 2013\projects\app2\app2\generated files\app.xbf
c:\users\david_000\documents\visual studio 2013\projects\app2\app2\generated files\groupeditemspage.xbf
c:\users\david_000\documents\visual studio 2013\projects\app2\app2\generated files\groupdetailpage.xbf
c:\users\david_000\documents\visual studio 2013\projects\app2\app2\generated files\itemdetailpage.xbf
c:\users\david_000\documents\visual studio 2013\projects\app2\debug\app2\app.xbf
c:\users\david_000\documents\visual studio 2013\projects\app2\debug\app2\groupeditemspage.xbf
c:\users\david_000\documents\visual studio 2013\projects\app2\debug\app2\groupdetailpage.xbf
c:\users\david_000\documents\visual studio 2013\projects\app2\debug\app2\itemdetailpage.xbf
c:\users\david_000\documents\visual studio 2013\projects\app2\app2\debug\priconfig.xml
c:\users\david_000\documents\visual studio 2013\projects\app2\app2\debug\priconfig.xml.intermediate
c:\users\david_000\documents\visual studio 2013\projects\app2\app2\debug\layout.resfiles
c:\users\david_000\documents\visual studio 2013\projects\app2\app2\debug\layout.resfiles.intermediate
c:\users\david_000\documents\visual studio 2013\projects\app2\app2\debug\resources.resfiles
c:\users\david_000\documents\visual studio 2013\projects\app2\app2\debug\resources.resfiles.intermediate
c:\users\david_000\documents\visual studio 2013\projects\app2\app2\debug\pri.resfiles
c:\users\david_000\documents\visual studio 2013\projects\app2\app2\debug\pri.resfiles.intermediate
c:\users\david_000\documents\visual studio 2013\projects\app2\debug\app2\resources.pri
c:\users\david_000\documents\visual studio 2013\projects\app2\app2\debug\qualifiers.txt
c:\users\david_000\documents\visual studio 2013\projects\app2\app2\debug\qualifiers.txt.intermediate
c:\users\david_000\documents\visual studio 2013\projects\app2\app2\debug\multiplequalifiersperdimensionfound.txt
c:\users\david_000\documents\visual studio 2013\projects\app2\app2\debug\projectarchitectures.txt
c:\users\david_000\documents\visual studio 2013\projects\app2\debug\app2\appxmanifest.xml
c:\users\david_000\documents\visual studio 2013\projects\app2\debug\app2\queue-windowsstore.build.appxrecipe
c:\users\david_000\documents\visual studio 2013\projects\app2\app2\debug\queue-wi.9430b3e6.tlog\cl.command.1.tlog
c:\users\david_000\documents\visual studio 2013\projects\app2\app2\debug\queue-wi.9430b3e6.tlog\cl.read.1.tlog
c:\users\david_000\documents\visual studio 2013\projects\app2\app2\debug\queue-wi.9430b3e6.tlog\cl.write.1.tlog
c:\users\david_000\documents\visual studio 2013\projects\app2\app2\debug\queue-wi.9430b3e6.tlog\link.command.1.tlog
c:\users\david_000\documents\visual studio 2013\projects\app2\app2\debug\queue-wi.9430b3e6.tlog\link.read.1.tlog
c:\users\david_000\documents\visual studio 2013\projects\app2\app2\debug\queue-wi.9430b3e6.tlog\link.write.1.tlog
c:\users\david_000\documents\visual studio 2013\projects\app2\app2\debug\queue-wi.9430b3e6.tlog\queue-windowsstore.read.1u.tlog
c:\users\david_000\documents\visual studio 2013\projects\app2\app2\debug\queue-wi.9430b3e6.tlog\queue-windowsstore.write.1u.tlog
c:\users\david_000\documents\visual studio 2013\projects\app2\app2\generated files\xamltypeinfo.g.h
